Using pre-set license
Built from '2021.1/release' branch; Version is '2021.1.10f1 (b15f561b2cef) revision 11624278'; Using compiler version '192528614'; Build Type 'Release'
OS: 'Windows 10 Pro; OS build 18363.1556; Version 1909; 64bit' Language: 'ru' Physical Memory: 32688 MB
BatchMode: 1, IsHumanControllingUs: 0, StartBugReporterOnCrash: 0, Is64bit: 1, IsPro: 0

 COMMAND LINE ARGUMENTS:
D:\Unity\2021.1.10f1\Editor\Unity.exe
-adb2
-batchMode
-noUpm
-name
AssetImportWorker0
-projectPath
D:/Unity/FinalStoneAge_19_09_21/Stone Age Group1
-logFile
Logs/AssetImportWorker0.log
-srvPort
62182
Successfully changed project path to: D:/Unity/FinalStoneAge_19_09_21/Stone Age Group1
D:/Unity/FinalStoneAge_19_09_21/Stone Age Group1
Using Asset Import Pipeline V2.
Refreshing native plugins compatible for Editor in 44.61 ms, found 3 plugins.
Preloading 0 native plugins for Editor in 0.00 ms.
Initialize engine version: 2021.1.10f1 (b15f561b2cef)
[Subsystems] Discovering subsystems at path D:/Unity/2021.1.10f1/Editor/Data/Resources/UnitySubsystems
[Subsystems] Discovering subsystems at path D:/Unity/FinalStoneAge_19_09_21/Stone Age Group1/Assets
GfxDevice: creating device client; threaded=0; jobified=0
Direct3D:
    Version:  Direct3D 11.0 [level 11.1]
    Renderer: NVIDIA GeForce GTX 1660 Ti (ID=0x2191)
    Vendor:   NVIDIA
    VRAM:     5991 MB
    Driver:   30.0.14.7212
Initialize mono
Mono path[0] = 'D:/Unity/2021.1.10f1/Editor/Data/Managed'
Mono path[1] = 'D:/Unity/2021.1.10f1/Editor/Data/MonoBleedingEdge/lib/mono/unityjit'
Mono config path = 'D:/Unity/2021.1.10f1/Editor/Data/MonoBleedingEdge/etc'
Using monoOptions --debugger-agent=transport=dt_socket,embedding=1,server=y,suspend=n,address=127.0.0.1:56028
Begin MonoManager ReloadAssembly
Registering precompiled unity dll's ...
Register platform support module: D:/Unity/2021.1.10f1/Editor/Data/PlaybackEngines/WindowsStandaloneSupport/UnityEditor.WindowsStandalone.Extensions.dll
Registered in 0.000892 seconds.
Native extension for WindowsStandalone target not found
Refreshing native plugins compatible for Editor in 40.18 ms, found 3 plugins.
Preloading 0 native plugins for Editor in 0.00 ms.
Mono: successfully reloaded assembly
- Completed reload, in  1.308 seconds
Domain Reload Profiling:
	ReloadAssembly (1308ms)
		BeginReloadAssembly (52ms)
			ExecutionOrderSort (0ms)
			DisableScriptedObjects (0ms)
			BackupInstance (0ms)
			ReleaseScriptingObjects (0ms)
			CreateAndSetChildDomain (1ms)
		EndReloadAssembly (427ms)
			LoadAssemblies (51ms)
			RebuildTransferFunctionScriptingTraits (0ms)
			SetupTypeCache (176ms)
			ReleaseScriptCaches (0ms)
			RebuildScriptCaches (34ms)
			SetupLoadedEditorAssemblies (174ms)
				LogAssemblyErrors (0ms)
				InitializePlatformSupportModulesInManaged (6ms)
				SetLoadedEditorAssemblies (0ms)
				RefreshPlugins (40ms)
				BeforeProcessingInitializeOnLoad (1ms)
				ProcessInitializeOnLoadAttributes (97ms)
				ProcessInitializeOnLoadMethodAttributes (30ms)
				AfterProcessingInitializeOnLoad (0ms)
				EditorAssembliesLoaded (0ms)
			ExecutionOrderSort2 (0ms)
			AwakeInstancesAfterBackupRestoration (0ms)
Platform modules already initialized, skipping
Registering precompiled user dll's ...
Registered in 0.002882 seconds.
Begin MonoManager ReloadAssembly
Native extension for WindowsStandalone target not found
Refreshing native plugins compatible for Editor in 39.76 ms, found 3 plugins.
Preloading 0 native plugins for Editor in 0.00 ms.
Mono: successfully reloaded assembly
- Completed reload, in  1.065 seconds
Domain Reload Profiling:
	ReloadAssembly (1066ms)
		BeginReloadAssembly (144ms)
			ExecutionOrderSort (0ms)
			DisableScriptedObjects (4ms)
			BackupInstance (0ms)
			ReleaseScriptingObjects (0ms)
			CreateAndSetChildDomain (19ms)
		EndReloadAssembly (870ms)
			LoadAssemblies (88ms)
			RebuildTransferFunctionScriptingTraits (0ms)
			SetupTypeCache (304ms)
			ReleaseScriptCaches (0ms)
			RebuildScriptCaches (51ms)
			SetupLoadedEditorAssemblies (338ms)
				LogAssemblyErrors (0ms)
				InitializePlatformSupportModulesInManaged (3ms)
				SetLoadedEditorAssemblies (0ms)
				RefreshPlugins (40ms)
				BeforeProcessingInitializeOnLoad (50ms)
				ProcessInitializeOnLoadAttributes (227ms)
				ProcessInitializeOnLoadMethodAttributes (15ms)
				AfterProcessingInitializeOnLoad (2ms)
				EditorAssembliesLoaded (0ms)
			ExecutionOrderSort2 (0ms)
			AwakeInstancesAfterBackupRestoration (7ms)
Platform modules already initialized, skipping
========================================================================
Worker process is ready to serve import requests
Launched and connected shader compiler UnityShaderCompiler.exe after 0.05 seconds
Refreshing native plugins compatible for Editor in 0.71 ms, found 3 plugins.
Preloading 0 native plugins for Editor in 0.00 ms.
Unloading 2316 Unused Serialized files (Serialized files now loaded: 0)
System memory in use before: 104.8 MB.
System memory in use after: 105.0 MB.

Unloading 27 unused Assets to reduce memory usage. Loaded Objects now: 2772.
Total: 3.157600 ms (FindLiveObjects: 0.278000 ms CreateObjectMapping: 0.160400 ms MarkObjects: 2.649100 ms  DeleteObjects: 0.068600 ms)

AssetImportParameters requested are different than current active one (requested -> active):
  custom:framework-win-MediaFoundation: 216162199b28c13a410421893ffa2e32 -> 
  custom:video-decoder-ogg-theora: a1e56fd34408186e4bbccfd4996cb3dc -> 
  custom:container-muxer-webm: aa71ff27fc2769a1b78a27578f13a17b -> 
  custom:container-demuxer-webm: 4f35f7cbe854078d1ac9338744f61a02 -> 
  custom:container-demuxer-ogg: 62fdf1f143b41e24485cea50d1cbac27 -> 
  custom:video-encoder-webm-vp8: eb34c28f22e8b96e1ab97ce403110664 -> 
  custom:video-decoder-webm-vp8: 9c59270c3fd7afecdb556c50c9e8de78 -> 
  custom:audio-decoder-ogg-vorbis: bf7c407c2cedff20999df2af8eb42d56 -> 
  custom:audio-encoder-webm-vorbis: bf7c407c2cedff20999df2af8eb42d56 -> 
========================================================================
Received Import Request.
  path: Assets/Scenes/2.unity
  artifactKey: Guid(8f7b5c514a7780b4c881f83663e1e0fb) Importer(815301076,1909f56bfc062723c751e8b465ee728b)
Start importing Assets/Scenes/2.unity using Guid(8f7b5c514a7780b4c881f83663e1e0fb) Importer(815301076,1909f56bfc062723c751e8b465ee728b)  -> (artifact id: 'f888ebfff4dd3cfeb5690cf4e60fe909') in 0.014838 seconds 
========================================================================
Received Import Request.
  Time since last request: 3.215527 seconds.
  path: Assets/Scenes/3.unity
  artifactKey: Guid(df522836f4d040f4fa54534137b6281d) Importer(815301076,1909f56bfc062723c751e8b465ee728b)
Start importing Assets/Scenes/3.unity using Guid(df522836f4d040f4fa54534137b6281d) Importer(815301076,1909f56bfc062723c751e8b465ee728b)  -> (artifact id: '9899d09a0e2d37a2c64eba2fc5b5debb') in 0.001815 seconds 
========================================================================
Received Import Request.
  Time since last request: 6.474403 seconds.
  path: Assets/Scenes/3.unity
  artifactKey: Guid(df522836f4d040f4fa54534137b6281d) Importer(815301076,1909f56bfc062723c751e8b465ee728b)
Start importing Assets/Scenes/3.unity using Guid(df522836f4d040f4fa54534137b6281d) Importer(815301076,1909f56bfc062723c751e8b465ee728b)  -> (artifact id: 'df77812bce95353e30a3c16fe1f2fdf1') in 0.001530 seconds 
========================================================================
Received Import Request.
  Time since last request: 57.522247 seconds.
  path: Assets/Scenes/1.unity
  artifactKey: Guid(5ade44498df3e2a49ba8d4a223d6cb2f) Importer(815301076,1909f56bfc062723c751e8b465ee728b)
Start importing Assets/Scenes/1.unity using Guid(5ade44498df3e2a49ba8d4a223d6cb2f) Importer(815301076,1909f56bfc062723c751e8b465ee728b)  -> (artifact id: '13094359bae735a6ee5801bba5751627') in 0.001479 seconds 
========================================================================
Received Prepare
Registering precompiled user dll's ...
Registered in 0.002529 seconds.
Begin MonoManager ReloadAssembly
Native extension for WindowsStandalone target not found
Refreshing native plugins compatible for Editor in 0.44 ms, found 3 plugins.
Preloading 0 native plugins for Editor in 0.00 ms.
Mono: successfully reloaded assembly
- Completed reload, in  0.971 seconds
Domain Reload Profiling:
	ReloadAssembly (972ms)
		BeginReloadAssembly (103ms)
			ExecutionOrderSort (0ms)
			DisableScriptedObjects (6ms)
			BackupInstance (0ms)
			ReleaseScriptingObjects (0ms)
			CreateAndSetChildDomain (34ms)
		EndReloadAssembly (816ms)
			LoadAssemblies (83ms)
			RebuildTransferFunctionScriptingTraits (0ms)
			SetupTypeCache (300ms)
			ReleaseScriptCaches (1ms)
			RebuildScriptCaches (45ms)
			SetupLoadedEditorAssemblies (291ms)
				LogAssemblyErrors (0ms)
				InitializePlatformSupportModulesInManaged (4ms)
				SetLoadedEditorAssemblies (0ms)
				RefreshPlugins (0ms)
				BeforeProcessingInitializeOnLoad (46ms)
				ProcessInitializeOnLoadAttributes (228ms)
				ProcessInitializeOnLoadMethodAttributes (10ms)
				AfterProcessingInitializeOnLoad (2ms)
				EditorAssembliesLoaded (0ms)
			ExecutionOrderSort2 (0ms)
			AwakeInstancesAfterBackupRestoration (10ms)
Platform modules already initialized, skipping
Refreshing native plugins compatible for Editor in 0.44 ms, found 3 plugins.
Preloading 0 native plugins for Editor in 0.00 ms.
Unloading 2288 Unused Serialized files (Serialized files now loaded: 0)
System memory in use before: 102.6 MB.
System memory in use after: 102.8 MB.

Unloading 15 unused Assets to reduce memory usage. Loaded Objects now: 2775.
Total: 3.454700 ms (FindLiveObjects: 0.220900 ms CreateObjectMapping: 0.228200 ms MarkObjects: 2.987400 ms  DeleteObjects: 0.017400 ms)

AssetImportParameters requested are different than current active one (requested -> active):
  custom:framework-win-MediaFoundation: 216162199b28c13a410421893ffa2e32 -> 
  custom:video-decoder-ogg-theora: a1e56fd34408186e4bbccfd4996cb3dc -> 
  custom:container-muxer-webm: aa71ff27fc2769a1b78a27578f13a17b -> 
  custom:container-demuxer-webm: 4f35f7cbe854078d1ac9338744f61a02 -> 
  custom:container-demuxer-ogg: 62fdf1f143b41e24485cea50d1cbac27 -> 
  custom:video-encoder-webm-vp8: eb34c28f22e8b96e1ab97ce403110664 -> 
  custom:video-decoder-webm-vp8: 9c59270c3fd7afecdb556c50c9e8de78 -> 
  custom:audio-decoder-ogg-vorbis: bf7c407c2cedff20999df2af8eb42d56 -> 
  custom:audio-encoder-webm-vorbis: bf7c407c2cedff20999df2af8eb42d56 -> 
========================================================================
Received Import Request.
  Time since last request: 9.699138 seconds.
  path: Assets/Scenes/2.unity
  artifactKey: Guid(8f7b5c514a7780b4c881f83663e1e0fb) Importer(815301076,1909f56bfc062723c751e8b465ee728b)
Start importing Assets/Scenes/2.unity using Guid(8f7b5c514a7780b4c881f83663e1e0fb) Importer(815301076,1909f56bfc062723c751e8b465ee728b)  -> (artifact id: '67031c5699f4f813d40e02f8755d15c4') in 0.011175 seconds 
========================================================================
Received Import Request.
  Time since last request: 78.968132 seconds.
  path: Assets/Samples/Cinemachine
  artifactKey: Guid(d21a8b22a314e5745a9ef08ff43f4f52) Importer(815301076,1909f56bfc062723c751e8b465ee728b)
Start importing Assets/Samples/Cinemachine using Guid(d21a8b22a314e5745a9ef08ff43f4f52) Importer(815301076,1909f56bfc062723c751e8b465ee728b)  -> (artifact id: '218b363478e88280c02e9c8e9ad70de2') in 0.002014 seconds 
========================================================================
Received Import Request.
  Time since last request: 0.582099 seconds.
  path: Assets/Samples/Cinemachine/2.7.5
  artifactKey: Guid(53a0510a5e607934485d83966af3ecea) Importer(815301076,1909f56bfc062723c751e8b465ee728b)
Start importing Assets/Samples/Cinemachine/2.7.5 using Guid(53a0510a5e607934485d83966af3ecea) Importer(815301076,1909f56bfc062723c751e8b465ee728b)  -> (artifact id: 'a4ac9259bcbb20d544b596d67cd1b277') in 0.001508 seconds 
========================================================================
Received Import Request.
  Time since last request: 0.820494 seconds.
  path: Assets/Samples/Cinemachine/2.7.5/Cinemachine Example Scenes
  artifactKey: Guid(f39330d4c87f22d4bbac66b7693426f0) Importer(815301076,1909f56bfc062723c751e8b465ee728b)
Start importing Assets/Samples/Cinemachine/2.7.5/Cinemachine Example Scenes using Guid(f39330d4c87f22d4bbac66b7693426f0) Importer(815301076,1909f56bfc062723c751e8b465ee728b)  -> (artifact id: '8c3d6bd1994846d41e75765ceffded14') in 0.002102 seconds 
========================================================================
Received Import Request.
  Time since last request: 1.695624 seconds.
  path: Assets/Samples/Cinemachine/2.7.5/Cinemachine Example Scenes/Scenes
  artifactKey: Guid(2fc3b640bf45545a3a0f72732b6c6f45) Importer(815301076,1909f56bfc062723c751e8b465ee728b)
Start importing Assets/Samples/Cinemachine/2.7.5/Cinemachine Example Scenes/Scenes using Guid(2fc3b640bf45545a3a0f72732b6c6f45) Importer(815301076,1909f56bfc062723c751e8b465ee728b)  -> (artifact id: '3169af656fb38b06e6016e1d41644519') in 0.001640 seconds 
========================================================================
Received Import Request.
  Time since last request: 1.670118 seconds.
  path: Assets/Samples
  artifactKey: Guid(6950bb7df503b174f96eaa78712a788d) Importer(815301076,1909f56bfc062723c751e8b465ee728b)
Start importing Assets/Samples using Guid(6950bb7df503b174f96eaa78712a788d) Importer(815301076,1909f56bfc062723c751e8b465ee728b)  -> (artifact id: '1e8f89a56df901639aca60c31d2f9d5a') in 0.002213 seconds 
========================================================================
Received Import Request.
  Time since last request: 8.578456 seconds.
  path: Assets/Scenes/1.unity
  artifactKey: Guid(5ade44498df3e2a49ba8d4a223d6cb2f) Importer(815301076,1909f56bfc062723c751e8b465ee728b)
Start importing Assets/Scenes/1.unity using Guid(5ade44498df3e2a49ba8d4a223d6cb2f) Importer(815301076,1909f56bfc062723c751e8b465ee728b)  -> (artifact id: '6ce7b3738fc823af5587be10390522fa') in 0.001891 seconds 
========================================================================
Received Import Request.
  Time since last request: 12.719437 seconds.
  path: Assets/Scenes/2.unity
  artifactKey: Guid(8f7b5c514a7780b4c881f83663e1e0fb) Importer(815301076,1909f56bfc062723c751e8b465ee728b)
Start importing Assets/Scenes/2.unity using Guid(8f7b5c514a7780b4c881f83663e1e0fb) Importer(815301076,1909f56bfc062723c751e8b465ee728b)  -> (artifact id: 'a07fe12aada6abd91a307b58d45be8d6') in 0.002157 seconds 
========================================================================
Received Import Request.
  Time since last request: 1.284860 seconds.
  path: Assets/Scenes/3.unity
  artifactKey: Guid(df522836f4d040f4fa54534137b6281d) Importer(815301076,1909f56bfc062723c751e8b465ee728b)
Start importing Assets/Scenes/3.unity using Guid(df522836f4d040f4fa54534137b6281d) Importer(815301076,1909f56bfc062723c751e8b465ee728b)  -> (artifact id: '561340f0a3a401a735d8859f3330915b') in 0.001414 seconds 
========================================================================
Received Prepare
Registering precompiled user dll's ...
Registered in 0.002631 seconds.
Begin MonoManager ReloadAssembly
Native extension for WindowsStandalone target not found
Refreshing native plugins compatible for Editor in 0.44 ms, found 3 plugins.
Preloading 0 native plugins for Editor in 0.00 ms.
Mono: successfully reloaded assembly
- Completed reload, in  0.978 seconds
Domain Reload Profiling:
	ReloadAssembly (978ms)
		BeginReloadAssembly (117ms)
			ExecutionOrderSort (0ms)
			DisableScriptedObjects (7ms)
			BackupInstance (0ms)
			ReleaseScriptingObjects (0ms)
			CreateAndSetChildDomain (42ms)
		EndReloadAssembly (804ms)
			LoadAssemblies (90ms)
			RebuildTransferFunctionScriptingTraits (0ms)
			SetupTypeCache (301ms)
			ReleaseScriptCaches (1ms)
			RebuildScriptCaches (45ms)
			SetupLoadedEditorAssemblies (271ms)
				LogAssemblyErrors (0ms)
				InitializePlatformSupportModulesInManaged (5ms)
				SetLoadedEditorAssemblies (0ms)
				RefreshPlugins (0ms)
				BeforeProcessingInitializeOnLoad (43ms)
				ProcessInitializeOnLoadAttributes (211ms)
				ProcessInitializeOnLoadMethodAttributes (9ms)
				AfterProcessingInitializeOnLoad (2ms)
				EditorAssembliesLoaded (0ms)
			ExecutionOrderSort2 (0ms)
			AwakeInstancesAfterBackupRestoration (10ms)
Platform modules already initialized, skipping
Refreshing native plugins compatible for Editor in 0.48 ms, found 3 plugins.
Preloading 0 native plugins for Editor in 0.00 ms.
Unloading 2288 Unused Serialized files (Serialized files now loaded: 0)
System memory in use before: 102.7 MB.
System memory in use after: 102.9 MB.

Unloading 15 unused Assets to reduce memory usage. Loaded Objects now: 2778.
Total: 2.809700 ms (FindLiveObjects: 0.181400 ms CreateObjectMapping: 0.093200 ms MarkObjects: 2.519400 ms  DeleteObjects: 0.014800 ms)

AssetImportParameters requested are different than current active one (requested -> active):
  custom:framework-win-MediaFoundation: 216162199b28c13a410421893ffa2e32 -> 
  custom:video-decoder-ogg-theora: a1e56fd34408186e4bbccfd4996cb3dc -> 
  custom:container-muxer-webm: aa71ff27fc2769a1b78a27578f13a17b -> 
  custom:container-demuxer-webm: 4f35f7cbe854078d1ac9338744f61a02 -> 
  custom:container-demuxer-ogg: 62fdf1f143b41e24485cea50d1cbac27 -> 
  custom:video-encoder-webm-vp8: eb34c28f22e8b96e1ab97ce403110664 -> 
  custom:video-decoder-webm-vp8: 9c59270c3fd7afecdb556c50c9e8de78 -> 
  custom:audio-decoder-ogg-vorbis: bf7c407c2cedff20999df2af8eb42d56 -> 
  custom:audio-encoder-webm-vorbis: bf7c407c2cedff20999df2af8eb42d56 -> 
========================================================================
Received Import Request.
  Time since last request: 479.335379 seconds.
  path: Assets/Scripts/UI
  artifactKey: Guid(bcdca5e5c83e7fa449df3e2b4a0e84fc) Importer(815301076,1909f56bfc062723c751e8b465ee728b)
Start importing Assets/Scripts/UI using Guid(bcdca5e5c83e7fa449df3e2b4a0e84fc) Importer(815301076,1909f56bfc062723c751e8b465ee728b)  -> (artifact id: '7176baf206b0bf32bb5ff39d3f718960') in 0.004085 seconds 
========================================================================
Received Import Request.
  Time since last request: 0.467521 seconds.
  path: Assets/Scripts/UI/SafeArea.cs
  artifactKey: Guid(86a53a9a9e0ada64f9e10a1e3229e478) Importer(815301076,1909f56bfc062723c751e8b465ee728b)
Start importing Assets/Scripts/UI/SafeArea.cs using Guid(86a53a9a9e0ada64f9e10a1e3229e478) Importer(815301076,1909f56bfc062723c751e8b465ee728b)  -> (artifact id: 'a266704bb7313e7023c8dd48f0d09b56') in 0.022165 seconds 
AssetImportWorkerClient::OnTransportError - code=2 error=End of file
